<?xml version="1.0" encoding="UTF-8" ?>
<testsuite tests="14" failures="0" name="pokerBase.Hand_Test" time="0.106" errors="0" skipped="0">
  <properties>
[...]
</properties>
  <testcase classname="pokerBase.Hand_Test" name="StraightFlush" time="0.096"/>
  <testcase classname="pokerBase.Hand_Test" name="HighCard" time="0.002"/>
  <testcase classname="pokerBase.Hand_Test" name="ThreeOfAKind_1" time="0.001"/>
  <testcase classname="pokerBase.Hand_Test" name="ThreeOfAKind_2" time="0"/>
  <testcase classname="pokerBase.Hand_Test" name="ThreeOfAKind_3" time="0.002"/>
  <testcase classname="pokerBase.Hand_Test" name="Pair" time="0.003"/>
  <testcase classname="pokerBase.Hand_Test" name="Flush" time="0"/>
  <testcase classname="pokerBase.Hand_Test" name="TwoPair" time="0"/>
  <testcase classname="pokerBase.Hand_Test" name="FullHouse_1" time="0.001"/>
  <testcase classname="pokerBase.Hand_Test" name="FullHouse_2" time="0"/>
  <testcase classname="pokerBase.Hand_Test" name="RoyalFlush" time="0.001"/>
  <testcase classname="pokerBase.Hand_Test" name="Straight" time="0"/>
  <testcase classname="pokerBase.Hand_Test" name="FourOfAKind_1" time="0"/>
  <testcase classname="pokerBase.Hand_Test" name="FourOfAKind_2" time="0"/>
</testsuite>